Performing C SOURCE FILE Test CMAKE_HAVE_LIBC_PTHREAD failed with the following output:
Change Dir: /home/marek/Desktop/Skola/dp/ebe/build/CMakeFiles/CMakeTmp

Run Build Command(s):/usr/bin/gmake -f Makefile cmTC_3939f/fast && /usr/bin/gmake  -f CMakeFiles/cmTC_3939f.dir/build.make CMakeFiles/cmTC_3939f.dir/build
gmake[1]: Entering directory '/home/marek/Desktop/Skola/dp/ebe/build/CMakeFiles/CMakeTmp'
Building C object CMakeFiles/cmTC_3939f.dir/src.c.o
/usr/bin/cc -DCMAKE_HAVE_LIBC_PTHREAD   -o CMakeFiles/cmTC_3939f.dir/src.c.o -c /home/marek/Desktop/Skola/dp/ebe/build/CMakeFiles/CMakeTmp/src.c
Linking C executable cmTC_3939f
/var/lib/snapd/snap/cmake/936/bin/cmake -E cmake_link_script CMakeFiles/cmTC_3939f.dir/link.txt --verbose=1
/usr/bin/cc CMakeFiles/cmTC_3939f.dir/src.c.o -o cmTC_3939f 
/usr/bin/ld: CMakeFiles/cmTC_3939f.dir/src.c.o: in function `main':
src.c:(.text+0x2d): undefined reference to `pthread_create'
/usr/bin/ld: src.c:(.text+0x39): undefined reference to `pthread_detach'
/usr/bin/ld: src.c:(.text+0x45): undefined reference to `pthread_cancel'
/usr/bin/ld: src.c:(.text+0x56): undefined reference to `pthread_join'
collect2: error: ld returned 1 exit status
gmake[1]: *** [CMakeFiles/cmTC_3939f.dir/build.make:99: cmTC_3939f] Error 1
gmake[1]: Leaving directory '/home/marek/Desktop/Skola/dp/ebe/build/CMakeFiles/CMakeTmp'
gmake: *** [Makefile:127: cmTC_3939f/fast] Error 2


Source file was:
#include <pthread.h>

static void* test_func(void* data)
{
  return data;
}

int main(void)
{
  pthread_t thread;
  pthread_create(&thread, NULL, test_func, NULL);
  pthread_detach(thread);
  pthread_cancel(thread);
  pthread_join(thread, NULL);
  pthread_atfork(NULL, NULL, NULL);
  pthread_exit(NULL);

  return 0;
}

Determining if the function pthread_create exists in the pthreads failed with the following output:
Change Dir: /home/marek/Desktop/Skola/dp/ebe/build/CMakeFiles/CMakeTmp

Run Build Command(s):/usr/bin/gmake -f Makefile cmTC_3f572/fast && /usr/bin/gmake  -f CMakeFiles/cmTC_3f572.dir/build.make CMakeFiles/cmTC_3f572.dir/build
gmake[1]: Entering directory '/home/marek/Desktop/Skola/dp/ebe/build/CMakeFiles/CMakeTmp'
Building C object CMakeFiles/cmTC_3f572.dir/CheckFunctionExists.c.o
/usr/bin/cc   -DCHECK_FUNCTION_EXISTS=pthread_create -o CMakeFiles/cmTC_3f572.dir/CheckFunctionExists.c.o -c /var/lib/snapd/snap/cmake/936/share/cmake-3.21/Modules/CheckFunctionExists.c
Linking C executable cmTC_3f572
/var/lib/snapd/snap/cmake/936/bin/cmake -E cmake_link_script CMakeFiles/cmTC_3f572.dir/link.txt --verbose=1
/usr/bin/cc  -DCHECK_FUNCTION_EXISTS=pthread_create CMakeFiles/cmTC_3f572.dir/CheckFunctionExists.c.o -o cmTC_3f572  -lpthreads 
/usr/bin/ld: cannot find -lpthreads
collect2: error: ld returned 1 exit status
gmake[1]: *** [CMakeFiles/cmTC_3f572.dir/build.make:99: cmTC_3f572] Error 1
gmake[1]: Leaving directory '/home/marek/Desktop/Skola/dp/ebe/build/CMakeFiles/CMakeTmp'
gmake: *** [Makefile:127: cmTC_3f572/fast] Error 2



